<?xml version="1.0" encoding="UTF-8"?>
<!-- Generated by org.testng.reporters.JUnitReportReporter -->
<testsuite hostname="DESKTOP-VE9NM6R" failures="0" tests="3" name="TestNg_Annotations.Keyword_enable" time="27.768" errors="0" timestamp="2022-10-05T22:44:42 IST" skipped="1">
  <testcase classname="TestNg_Annotations.Keyword_enable" name="kiteLoginPageTitle" time="17.063"/>
  <system-out/>
  <testcase classname="TestNg_Annotations.Keyword_enable" name="kitelogoTest" time="10.705"/>
  <system-out/>
  <testcase classname="TestNg_Annotations.Keyword_enable" name="Forgetuserlink">
    <skipped/>
  </testcase> <!-- Forgetuserlink -->
  <system-out/>
</testsuite> <!-- TestNg_Annotations.Keyword_enable -->
