<?xml version="1.0" encoding="UTF-8"?>
<!-- Generated by org.testng.reporters.JUnitReportReporter -->
<testsuite hostname="DESKTOP-VE9NM6R" failures="0" tests="5" name="TestNg_Annotations.Keyword_InvocationCount" time="0.053" errors="0" timestamp="2022-10-05T22:57:04 IST" skipped="0">
  <testcase classname="TestNg_Annotations.Keyword_InvocationCount" name="m1" time="0.028"/>
  <system-out/>
  <testcase classname="TestNg_Annotations.Keyword_InvocationCount" name="m1" time="0.006"/>
  <system-out/>
  <testcase classname="TestNg_Annotations.Keyword_InvocationCount" name="m1" time="0.004"/>
  <system-out/>
  <testcase classname="TestNg_Annotations.Keyword_InvocationCount" name="m1" time="0.009"/>
  <system-out/>
  <testcase classname="TestNg_Annotations.Keyword_InvocationCount" name="m1" time="0.006"/>
  <system-out/>
</testsuite> <!-- TestNg_Annotations.Keyword_InvocationCount -->
