<?xml version="1.0" encoding="UTF-8"?>
<!-- Generated by org.testng.reporters.JUnitReportReporter -->
<testsuite hostname="DESKTOP-VE9NM6R" failures="0" tests="2" name="crossbrowser.CrossBrowserTestin" time="137.891" errors="0" timestamp="2022-10-16T00:12:11 IST" skipped="0">
  <testcase classname="crossbrowser.CrossBrowserTestin" name="loginTest" time="91.370"/>
  <system-out/>
  <testcase classname="crossbrowser.CrossBrowserTestin" name="loginTest" time="46.521"/>
  <system-out/>
</testsuite> <!-- crossbrowser.CrossBrowserTestin -->
