<?xml version="1.0" encoding="UTF-8"?>
<!-- Generated by org.testng.reporters.JUnitReportReporter -->
<testsuite hostname="DESKTOP-VE9NM6R" failures="0" tests="3" name="TestNg_Annotations.Keyword_Priority" time="26.153" errors="0" timestamp="2022-10-05T22:38:49 IST" skipped="0">
  <testcase classname="TestNg_Annotations.Keyword_Priority" name="kitelogoTest" time="5.006"/>
  <system-out/>
  <testcase classname="TestNg_Annotations.Keyword_Priority" name="kiteLoginPageTitle" time="5.281"/>
  <system-out/>
  <testcase classname="TestNg_Annotations.Keyword_Priority" name="Forgetuserlink" time="15.866"/>
  <system-out/>
</testsuite> <!-- TestNg_Annotations.Keyword_Priority -->
