<?xml version="1.0" encoding="UTF-8"?>
<!-- Generated by org.testng.reporters.JUnitReportReporter -->
<testsuite hostname="DESKTOP-VE9NM6R" failures="0" tests="3" name="TestNg_Annotations.without_priority_keyward" time="80.725" errors="0" timestamp="2022-10-04T23:56:45 IST" skipped="0">
  <testcase classname="TestNg_Annotations.without_priority_keyward" name="kitelogoTest" time="34.298"/>
  <system-out/>
  <testcase classname="TestNg_Annotations.without_priority_keyward" name="Forgetuserlink" time="27.502"/>
  <system-out/>
  <testcase classname="TestNg_Annotations.without_priority_keyward" name="kiteLoginPageTitle" time="18.925"/>
  <system-out/>
</testsuite> <!-- TestNg_Annotations.without_priority_keyward -->
