<?xml version="1.0" encoding="UTF-8"?>
<!-- Generated by org.testng.reporters.JUnitReportReporter -->
<testsuite hostname="DESKTOP-VE9NM6R" failures="0" tests="3" name="TestNg_Annotations.Annotations" time="0.057" errors="0" timestamp="2022-10-04T18:59:35 IST" skipped="0">
  <testcase classname="TestNg_Annotations.Annotations" name="Demo" time="0.033"/>
  <system-out/>
  <testcase classname="TestNg_Annotations.Annotations" name="GoogleLogo" time="0.007"/>
  <system-out/>
  <testcase classname="TestNg_Annotations.Annotations" name="GoogleTitle" time="0.017"/>
  <system-out/>
</testsuite> <!-- TestNg_Annotations.Annotations -->
