<?xml version="1.0" encoding="UTF-8"?>
<!-- Generated by org.testng.reporters.JUnitReportReporter -->
<testsuite hostname="DESKTOP-VE9NM6R" failures="0" tests="2" name="TestNG.kite_with_TestNG" time="30.287" errors="0" timestamp="2022-10-04T18:55:54 IST" skipped="0">
  <testcase classname="TestNG.kite_with_TestNG" name="m2" time="11.865"/>
  <system-out/>
  <testcase classname="TestNG.kite_with_TestNG" name="m1" time="18.422"/>
  <system-out/>
</testsuite> <!-- TestNG.kite_with_TestNG -->
