<?xml version="1.0" encoding="UTF-8"?>
<!-- Generated by org.testng.reporters.JUnitReportReporter -->
<testsuite hostname="DESKTOP-VE9NM6R" failures="0" tests="7" name="TestNg_Annotations.Keyword_groups" time="60.448" errors="0" timestamp="2022-10-05T23:12:33 IST" skipped="0">
  <testcase classname="TestNg_Annotations.Keyword_groups" name="kiteLoginPageTitle" time="6.957"/>
  <system-out/>
  <testcase classname="TestNg_Annotations.Keyword_groups" name="kitelogoTest" time="15.665"/>
  <system-out/>
  <testcase classname="TestNg_Annotations.Keyword_groups" name="Forgetuserlink" time="7.835"/>
  <system-out/>
  <testcase classname="TestNg_Annotations.Keyword_groups" name="m1" time="7.014"/>
  <system-out/>
  <testcase classname="TestNg_Annotations.Keyword_groups" name="m2" time="7.217"/>
  <system-out/>
  <testcase classname="TestNg_Annotations.Keyword_groups" name="m3" time="7.549"/>
  <system-out/>
  <testcase classname="TestNg_Annotations.Keyword_groups" name="m4" time="8.211"/>
  <system-out/>
</testsuite> <!-- TestNg_Annotations.Keyword_groups -->
