<?xml version="1.0" encoding="UTF-8"?>
<!-- Generated by org.testng.reporters.JUnitReportReporter -->
<testsuite hostname="DESKTOP-VE9NM6R" failures="0" tests="2" name="TestNg_Annotations.Emailable_report" time="0.033" errors="0" timestamp="2022-10-08T16:28:15 IST" skipped="0">
  <testcase classname="TestNg_Annotations.Emailable_report" name="GoogleTitle" time="0.031"/>
  <system-out>
    <![CDATA[Running Testcase1]]>
  </system-out>
  <testcase classname="TestNg_Annotations.Emailable_report" name="SearchTest" time="0.002"/>
  <system-out>
    <![CDATA[Running testcases 1]]>
  </system-out>
</testsuite> <!-- TestNg_Annotations.Emailable_report -->
